<?xml version="1.0" encoding="UTF-8"?>
<testsuite name="CategoryTest" tests="4" skipped="0" failures="0" errors="0" timestamp="2016-02-23T19:09:28" hostname="epicodus-66.local" time="0.075">
  <properties/>
  <testcase name="equals_returnsTrueIfNamesAretheSame" classname="CategoryTest" time="0.011"/>
  <testcase name="all_emptyAtFirst" classname="CategoryTest" time="0.03"/>
  <testcase name="find_findCategoryInDatabase_true" classname="CategoryTest" time="0.016"/>
  <testcase name="save_savesIntoDatabase_true" classname="CategoryTest" time="0.015"/>
  <system-out><![CDATA[]]></system-out>
  <system-err><![CDATA[]]></system-err>
</testsuite>
