<?xml version="1.0" encoding="UTF-8"?>
<testsuite name="CategoryTest" tests="7" skipped="0" failures="0" errors="0" timestamp="2016-02-29T19:22:35" hostname="epicodus-55.local" time="0.222">
  <properties/>
  <testcase name="equals_returnsTrueIfNamesAretheSame" classname="CategoryTest" time="0.081"/>
  <testcase name="delete_deletesAllTasksAndListsAssoicationes" classname="CategoryTest" time="0.055"/>
  <testcase name="all_emptyAtFirst" classname="CategoryTest" time="0.011"/>
  <testcase name="addTask_addsTaskToCategory" classname="CategoryTest" time="0.026"/>
  <testcase name="find_findCategoryInDatabase_true" classname="CategoryTest" time="0.014"/>
  <testcase name="getTasks_returnsAllTasks" classname="CategoryTest" time="0.023"/>
  <testcase name="save_savesIntoDatabase_true" classname="CategoryTest" time="0.012"/>
  <system-out><![CDATA[]]></system-out>
  <system-err><![CDATA[]]></system-err>
</testsuite>
